<?xml version="1.0" encoding="UTF-8"?>
<testsuites name="CommandCenter_Login" time="51.339" tests="4" failures="0" errors="0">
   <testsuite name="CommandCenter_Login" tests="4" failures="0" errors="0" time="51.339" skipped="0" timestamp="2023-12-19 10:11:02" hostname="User - DESKTOP-QPE9SBA" id="Test Suites/CommandCenter_Login">
      <properties>
         <property name="deviceName" value=""/>
         <property name="devicePlatform" value=""/>
         <property name="logFolder" value="C:\\Users\\User\\git\\ProjectHermes\\Reports\\20231219_101049\\CommandCenter_Login\\20231219_101051"/>
         <property name="logFiles" value="C:\\Users\\User\\git\\ProjectHermes\\Reports\\20231219_101049\\CommandCenter_Login\\20231219_101051\\execution0.log"/>
         <property name="attachments" value=""/>
         <property name="hostName" value="User - DESKTOP-QPE9SBA"/>
         <property name="os" value="Windows 11 64bit"/>
         <property name="katalonVersion" value="8.6.8.208"/>
         <property name="browser" value="Chrome 120.0.0.0"/>
         <property name="hostAddress" value="192.168.70.243"/>
         <property name="sessionId" value="f3c6e3d0e66e4ed54c4de1196babffc8"/>
         <property name="seleniumVersion" value="3.141.59"/>
         <property name="proxyInformation" value="ProxyInformation { proxyOption=NO_PROXY, proxyServerType=HTTP, username=, password=********, proxyServerAddress=, proxyServerPort=0, executionList=&quot;&quot;, isApplyToDesiredCapabilities=true }"/>
         <property name="platform" value="Windows 11"/>
      </properties>
      <testcase name="Test Cases/Sprint 1/CommandCenter_LoginTC/TC001_LoginValidCredentials_SP" time="14.017" classname="Test Cases/Sprint 1/CommandCenter_LoginTC/TC001_LoginValidCredentials_SP" status="PASSED">
         <system-out><![CDATA[2023-12-19 10:11:02 - [TEST_CASE][PASSED] - Test Cases/Sprint 1/CommandCenter_LoginTC/TC001_LoginValidCredentials_SP: Test Cases/Sprint 1/CommandCenter_LoginTC/TC001_LoginValidCredentials_SP

2023-12-19 10:11:02 - [TEST_STEP][PASSED] - openBrowser(""): Browser is opened with url: ''

2023-12-19 10:11:02 - [MESSAGE][INFO] - Starting 'Chrome' driver

2023-12-19 10:11:02 - [MESSAGE][INFO] - User set preference: ['args', '[--start-maximized, UnexpectedAlertBehaviour=ignore]']

2023-12-19 10:11:02 - [MESSAGE][INFO] - User set preference: ['acceptInsecureCerts', 'true']

2023-12-19 10:11:02 - [MESSAGE][INFO] - Action delay is set to 0 milliseconds

2023-12-19 10:11:05 - [MESSAGE][PASSED] - Browser is opened with url: ''

2023-12-19 10:11:05 - [TEST_STEP][PASSED] - navigateToUrl(URL_commandCenter): Navigate to 'https://10.143.206.85/watsonsauthentication/' successfully

2023-12-19 10:11:06 - [MESSAGE][PASSED] - Navigate to 'https://10.143.206.85/watsonsauthentication/' successfully

2023-12-19 10:11:06 - [TEST_STEP][PASSED] - setText(findTestObject("Object Repository/Page_Login/input_WATSONS COMMAND CENTER_username"), watsons_username): Text 'john.colis+1@tesi.com.ph' is set on object 'Object Repository/Page_Login/input_WATSONS COMMAND CENTER_username'

2023-12-19 10:11:07 - [MESSAGE][PASSED] - Text 'john.colis+1@tesi.com.ph' is set on object 'Object Repository/Page_Login/input_WATSONS COMMAND CENTER_username'

2023-12-19 10:11:07 - [TEST_STEP][PASSED] - setEncryptedText(findTestObject("Object Repository/Page_Login/input_WATSONS COMMAND CENTER_password"), watsons_password): Text ****** has been set on object 'Object Repository/Page_Login/input_WATSONS COMMAND CENTER_password'

2023-12-19 10:11:08 - [MESSAGE][PASSED] - Text ****** has been set on object 'Object Repository/Page_Login/input_WATSONS COMMAND CENTER_password'

2023-12-19 10:11:08 - [TEST_STEP][PASSED] - click(findTestObject("Object Repository/Page_Login/btn_WATSONS COMMAND CENTER_login")): Object: 'Object Repository/Page_Login/btn_WATSONS COMMAND CENTER_login' is clicked on

2023-12-19 10:11:09 - [MESSAGE][PASSED] - Object: 'Object Repository/Page_Login/btn_WATSONS COMMAND CENTER_login' is clicked on

2023-12-19 10:11:09 - [TEST_STEP][PASSED] - verifyElementText(findTestObject("Object Repository/Page_Application List/titlePage_WATSONS COMMAND CENTER"), "WATSONS COMMAND CENTER"): Actual text and expected text of test object 'Object Repository/Page_Application List/titlePage_WATSONS COMMAND CENTER' are matched.

2023-12-19 10:11:10 - [MESSAGE][PASSED] - Actual text and expected text of test object 'Object Repository/Page_Application List/titlePage_WATSONS COMMAND CENTER' are matched.

2023-12-19 10:11:10 - [TEST_STEP][PASSED] - verifyElementText(findTestObject("Object Repository/Page_Application List/titleHeader_Select Application to access"), "Select Application to access"): Actual text and expected text of test object 'Object Repository/Page_Application List/titleHeader_Select Application to access' are matched.

2023-12-19 10:11:10 - [MESSAGE][PASSED] - Actual text and expected text of test object 'Object Repository/Page_Application List/titleHeader_Select Application to access' are matched.

2023-12-19 10:11:10 - [TEST_STEP][PASSED] - verifyElementPresent(findTestObject("Object Repository/Page_Application List/container_Non-Trade Vendor Portal"), 0): Object 'Object Repository/Page_Application List/container_Non-Trade Vendor Portal' is present

2023-12-19 10:11:10 - [MESSAGE][WARNING] - Timeout '0' is invalid. Using default page load timeout: '30'

2023-12-19 10:11:11 - [MESSAGE][PASSED] - Object 'Object Repository/Page_Application List/container_Non-Trade Vendor Portal' is present

2023-12-19 10:11:11 - [TEST_STEP][PASSED] - verifyElementText(findTestObject("Object Repository/Page_Application List/containerLabel_Non-Trade Vendor Portal"), "Non-Trade Vendor Portal"): Actual text and expected text of test object 'Object Repository/Page_Application List/containerLabel_Non-Trade Vendor Portal' are matched.

2023-12-19 10:11:11 - [MESSAGE][PASSED] - Actual text and expected text of test object 'Object Repository/Page_Application List/containerLabel_Non-Trade Vendor Portal' are matched.

2023-12-19 10:11:11 - [TEST_STEP][PASSED] - click(findTestObject("Object Repository/Page_Application List/containerLabel_Non-Trade Vendor Portal")): Object: 'Object Repository/Page_Application List/containerLabel_Non-Trade Vendor Portal' is clicked on

2023-12-19 10:11:12 - [MESSAGE][PASSED] - Object: 'Object Repository/Page_Application List/containerLabel_Non-Trade Vendor Portal' is clicked on

2023-12-19 10:11:12 - [TEST_STEP][PASSED] - verifyElementText(findTestObject("Object Repository/Page_Homescreen/titlePage_Dashboard"), "Dashboard"): Actual text and expected text of test object 'Object Repository/Page_Homescreen/titlePage_Dashboard' are matched.

2023-12-19 10:11:16 - [MESSAGE][PASSED] - Actual text and expected text of test object 'Object Repository/Page_Homescreen/titlePage_Dashboard' are matched.]]></system-out>
         <system-err><![CDATA[]]></system-err>
      </testcase>
      <testcase name="Test Cases/Sprint 1/CommandCenter_LoginTC/TC002_LoginValidCredentials_AP" time="13.544" classname="Test Cases/Sprint 1/CommandCenter_LoginTC/TC002_LoginValidCredentials_AP" status="PASSED">
         <system-out><![CDATA[2023-12-19 10:11:16 - [TEST_CASE][PASSED] - Test Cases/Sprint 1/CommandCenter_LoginTC/TC002_LoginValidCredentials_AP: Test Cases/Sprint 1/CommandCenter_LoginTC/TC002_LoginValidCredentials_AP

2023-12-19 10:11:16 - [TEST_STEP][PASSED] - openBrowser(""): Browser is opened with url: ''

2023-12-19 10:11:16 - [MESSAGE][WARNING] - A browser is already opened. Closing browser and opening a new one

2023-12-19 10:11:17 - [MESSAGE][INFO] - Starting 'Chrome' driver

2023-12-19 10:11:17 - [MESSAGE][INFO] - User set preference: ['args', '[--start-maximized, UnexpectedAlertBehaviour=ignore]']

2023-12-19 10:11:17 - [MESSAGE][INFO] - User set preference: ['acceptInsecureCerts', 'true']

2023-12-19 10:11:17 - [MESSAGE][INFO] - Action delay is set to 0 milliseconds

2023-12-19 10:11:18 - [MESSAGE][PASSED] - Browser is opened with url: ''

2023-12-19 10:11:18 - [TEST_STEP][PASSED] - navigateToUrl(URL_commandCenter): Navigate to 'https://10.143.206.85/watsonsauthentication/' successfully

2023-12-19 10:11:19 - [MESSAGE][PASSED] - Navigate to 'https://10.143.206.85/watsonsauthentication/' successfully

2023-12-19 10:11:19 - [TEST_STEP][PASSED] - setText(findTestObject("Object Repository/Page_Login/input_WATSONS COMMAND CENTER_username"), AP_username): Text 'janima.camar+2@tesi.com.ph' is set on object 'Object Repository/Page_Login/input_WATSONS COMMAND CENTER_username'

2023-12-19 10:11:20 - [MESSAGE][PASSED] - Text 'janima.camar+2@tesi.com.ph' is set on object 'Object Repository/Page_Login/input_WATSONS COMMAND CENTER_username'

2023-12-19 10:11:20 - [TEST_STEP][PASSED] - setEncryptedText(findTestObject("Object Repository/Page_Login/input_WATSONS COMMAND CENTER_password"), AP_password): Text ****** has been set on object 'Object Repository/Page_Login/input_WATSONS COMMAND CENTER_password'

2023-12-19 10:11:21 - [MESSAGE][PASSED] - Text ****** has been set on object 'Object Repository/Page_Login/input_WATSONS COMMAND CENTER_password'

2023-12-19 10:11:21 - [TEST_STEP][PASSED] - click(findTestObject("Object Repository/Page_Login/btn_WATSONS COMMAND CENTER_login")): Object: 'Object Repository/Page_Login/btn_WATSONS COMMAND CENTER_login' is clicked on

2023-12-19 10:11:22 - [MESSAGE][PASSED] - Object: 'Object Repository/Page_Login/btn_WATSONS COMMAND CENTER_login' is clicked on

2023-12-19 10:11:22 - [TEST_STEP][PASSED] - verifyElementText(findTestObject("Object Repository/Page_Application List/titlePage_WATSONS COMMAND CENTER"), "WATSONS COMMAND CENTER"): Actual text and expected text of test object 'Object Repository/Page_Application List/titlePage_WATSONS COMMAND CENTER' are matched.

2023-12-19 10:11:23 - [MESSAGE][PASSED] - Actual text and expected text of test object 'Object Repository/Page_Application List/titlePage_WATSONS COMMAND CENTER' are matched.

2023-12-19 10:11:23 - [TEST_STEP][PASSED] - verifyElementText(findTestObject("Object Repository/Page_Application List/titleHeader_Select Application to access"), "Select Application to access"): Actual text and expected text of test object 'Object Repository/Page_Application List/titleHeader_Select Application to access' are matched.

2023-12-19 10:11:24 - [MESSAGE][PASSED] - Actual text and expected text of test object 'Object Repository/Page_Application List/titleHeader_Select Application to access' are matched.

2023-12-19 10:11:24 - [TEST_STEP][PASSED] - verifyElementPresent(findTestObject("Object Repository/Page_Application List/APcontainer_Non-Trade Vendor Portal"), 0): Object 'Object Repository/Page_Application List/APcontainer_Non-Trade Vendor Portal' is present

2023-12-19 10:11:24 - [MESSAGE][WARNING] - Timeout '0' is invalid. Using default page load timeout: '30'

2023-12-19 10:11:24 - [MESSAGE][PASSED] - Object 'Object Repository/Page_Application List/APcontainer_Non-Trade Vendor Portal' is present

2023-12-19 10:11:24 - [TEST_STEP][PASSED] - verifyElementText(findTestObject("Object Repository/Page_Application List/APcontainerLabel_Non-Trade Vendor Portal"), "Non-Trade Vendor Portal"): Actual text and expected text of test object 'Object Repository/Page_Application List/APcontainerLabel_Non-Trade Vendor Portal' are matched.

2023-12-19 10:11:24 - [MESSAGE][PASSED] - Actual text and expected text of test object 'Object Repository/Page_Application List/APcontainerLabel_Non-Trade Vendor Portal' are matched.

2023-12-19 10:11:24 - [TEST_STEP][PASSED] - click(findTestObject("Object Repository/Page_Application List/APcontainerLabel_Non-Trade Vendor Portal")): Object: 'Object Repository/Page_Application List/APcontainerLabel_Non-Trade Vendor Portal' is clicked on

2023-12-19 10:11:26 - [MESSAGE][PASSED] - Object: 'Object Repository/Page_Application List/APcontainerLabel_Non-Trade Vendor Portal' is clicked on

2023-12-19 10:11:26 - [TEST_STEP][PASSED] - verifyElementText(findTestObject("Object Repository/Page_Homescreen/titlePage_Dashboard"), "Dashboard"): Actual text and expected text of test object 'Object Repository/Page_Homescreen/titlePage_Dashboard' are matched.

2023-12-19 10:11:29 - [MESSAGE][PASSED] - Actual text and expected text of test object 'Object Repository/Page_Homescreen/titlePage_Dashboard' are matched.]]></system-out>
         <system-err><![CDATA[]]></system-err>
      </testcase>
      <testcase name="Test Cases/Sprint 1/CommandCenter_LoginTC/TC003_LoginValidCredentials_Admin" time="12.987" classname="Test Cases/Sprint 1/CommandCenter_LoginTC/TC003_LoginValidCredentials_Admin" status="PASSED">
         <system-out><![CDATA[2023-12-19 10:11:29 - [TEST_CASE][PASSED] - Test Cases/Sprint 1/CommandCenter_LoginTC/TC003_LoginValidCredentials_Admin: Test Cases/Sprint 1/CommandCenter_LoginTC/TC003_LoginValidCredentials_Admin

2023-12-19 10:11:30 - [TEST_STEP][PASSED] - openBrowser(""): Browser is opened with url: ''

2023-12-19 10:11:30 - [MESSAGE][WARNING] - A browser is already opened. Closing browser and opening a new one

2023-12-19 10:11:30 - [MESSAGE][INFO] - Starting 'Chrome' driver

2023-12-19 10:11:30 - [MESSAGE][INFO] - User set preference: ['args', '[--start-maximized, UnexpectedAlertBehaviour=ignore]']

2023-12-19 10:11:30 - [MESSAGE][INFO] - User set preference: ['acceptInsecureCerts', 'true']

2023-12-19 10:11:30 - [MESSAGE][INFO] - Action delay is set to 0 milliseconds

2023-12-19 10:11:32 - [MESSAGE][PASSED] - Browser is opened with url: ''

2023-12-19 10:11:32 - [TEST_STEP][PASSED] - navigateToUrl(URL_commandCenter): Navigate to 'https://10.143.206.85/watsonsauthentication/' successfully

2023-12-19 10:11:33 - [MESSAGE][PASSED] - Navigate to 'https://10.143.206.85/watsonsauthentication/' successfully

2023-12-19 10:11:33 - [TEST_STEP][PASSED] - setText(findTestObject("Object Repository/Page_Login/input_WATSONS COMMAND CENTER_username"), admin_username): Text 'mobarak.dimalotang+01@tesi.com.ph' is set on object 'Object Repository/Page_Login/input_WATSONS COMMAND CENTER_username'

2023-12-19 10:11:34 - [MESSAGE][PASSED] - Text 'mobarak.dimalotang+01@tesi.com.ph' is set on object 'Object Repository/Page_Login/input_WATSONS COMMAND CENTER_username'

2023-12-19 10:11:34 - [TEST_STEP][PASSED] - setEncryptedText(findTestObject("Object Repository/Page_Login/input_WATSONS COMMAND CENTER_password"), admin_password): Text ****** has been set on object 'Object Repository/Page_Login/input_WATSONS COMMAND CENTER_password'

2023-12-19 10:11:34 - [MESSAGE][PASSED] - Text ****** has been set on object 'Object Repository/Page_Login/input_WATSONS COMMAND CENTER_password'

2023-12-19 10:11:34 - [TEST_STEP][PASSED] - click(findTestObject("Object Repository/Page_Login/btn_WATSONS COMMAND CENTER_login")): Object: 'Object Repository/Page_Login/btn_WATSONS COMMAND CENTER_login' is clicked on

2023-12-19 10:11:35 - [MESSAGE][PASSED] - Object: 'Object Repository/Page_Login/btn_WATSONS COMMAND CENTER_login' is clicked on

2023-12-19 10:11:35 - [TEST_STEP][PASSED] - verifyElementText(findTestObject("Object Repository/Page_Application List/titlePage_WATSONS COMMAND CENTER"), "WATSONS COMMAND CENTER"): Actual text and expected text of test object 'Object Repository/Page_Application List/titlePage_WATSONS COMMAND CENTER' are matched.

2023-12-19 10:11:37 - [MESSAGE][PASSED] - Actual text and expected text of test object 'Object Repository/Page_Application List/titlePage_WATSONS COMMAND CENTER' are matched.

2023-12-19 10:11:37 - [TEST_STEP][PASSED] - verifyElementText(findTestObject("Object Repository/Page_Application List/titleHeader_Select Application to access"), "Select Application to access"): Actual text and expected text of test object 'Object Repository/Page_Application List/titleHeader_Select Application to access' are matched.

2023-12-19 10:11:37 - [MESSAGE][PASSED] - Actual text and expected text of test object 'Object Repository/Page_Application List/titleHeader_Select Application to access' are matched.

2023-12-19 10:11:37 - [TEST_STEP][PASSED] - verifyElementPresent(findTestObject("Object Repository/Page_Application List/APcontainer_Non-Trade Vendor Portal"), 0): Object 'Object Repository/Page_Application List/APcontainer_Non-Trade Vendor Portal' is present

2023-12-19 10:11:37 - [MESSAGE][WARNING] - Timeout '0' is invalid. Using default page load timeout: '30'

2023-12-19 10:11:38 - [MESSAGE][PASSED] - Object 'Object Repository/Page_Application List/APcontainer_Non-Trade Vendor Portal' is present

2023-12-19 10:11:38 - [TEST_STEP][PASSED] - verifyElementText(findTestObject("Object Repository/Page_Application List/APcontainerLabel_Non-Trade Vendor Portal"), "Non-Trade Vendor Portal"): Actual text and expected text of test object 'Object Repository/Page_Application List/APcontainerLabel_Non-Trade Vendor Portal' are matched.

2023-12-19 10:11:38 - [MESSAGE][PASSED] - Actual text and expected text of test object 'Object Repository/Page_Application List/APcontainerLabel_Non-Trade Vendor Portal' are matched.

2023-12-19 10:11:38 - [TEST_STEP][PASSED] - click(findTestObject("Object Repository/Page_Application List/APcontainerLabel_Non-Trade Vendor Portal")): Object: 'Object Repository/Page_Application List/APcontainerLabel_Non-Trade Vendor Portal' is clicked on

2023-12-19 10:11:39 - [MESSAGE][PASSED] - Object: 'Object Repository/Page_Application List/APcontainerLabel_Non-Trade Vendor Portal' is clicked on

2023-12-19 10:11:39 - [TEST_STEP][PASSED] - verifyElementText(findTestObject("Object Repository/Page_Watsons User/titlePage_Watsons User Role  Access"), "Watson's User Role & Access"): Actual text and expected text of test object 'Object Repository/Page_Watsons User/titlePage_Watsons User Role  Access' are matched.

2023-12-19 10:11:42 - [MESSAGE][PASSED] - Actual text and expected text of test object 'Object Repository/Page_Watsons User/titlePage_Watsons User Role  Access' are matched.]]></system-out>
         <system-err><![CDATA[]]></system-err>
      </testcase>
      <testcase name="Test Cases/Sprint 1/CommandCenter_LoginTC/TC004_LoginInactiveAccount" time="10.575" classname="Test Cases/Sprint 1/CommandCenter_LoginTC/TC004_LoginInactiveAccount" status="PASSED">
         <system-out><![CDATA[2023-12-19 10:11:42 - [TEST_CASE][PASSED] - Test Cases/Sprint 1/CommandCenter_LoginTC/TC004_LoginInactiveAccount: Test Cases/Sprint 1/CommandCenter_LoginTC/TC004_LoginInactiveAccount

2023-12-19 10:11:43 - [TEST_STEP][PASSED] - openBrowser(""): Browser is opened with url: ''

2023-12-19 10:11:43 - [MESSAGE][WARNING] - A browser is already opened. Closing browser and opening a new one

2023-12-19 10:11:43 - [MESSAGE][INFO] - Starting 'Chrome' driver

2023-12-19 10:11:43 - [MESSAGE][INFO] - User set preference: ['args', '[--start-maximized, UnexpectedAlertBehaviour=ignore]']

2023-12-19 10:11:43 - [MESSAGE][INFO] - User set preference: ['acceptInsecureCerts', 'true']

2023-12-19 10:11:43 - [MESSAGE][INFO] - Action delay is set to 0 milliseconds

2023-12-19 10:11:45 - [MESSAGE][PASSED] - Browser is opened with url: ''

2023-12-19 10:11:45 - [TEST_STEP][PASSED] - navigateToUrl(URL_commandCenter): Navigate to 'https://10.143.206.85/watsonsauthentication/' successfully

2023-12-19 10:11:46 - [MESSAGE][PASSED] - Navigate to 'https://10.143.206.85/watsonsauthentication/' successfully

2023-12-19 10:11:46 - [TEST_STEP][PASSED] - setText(findTestObject("Object Repository/Page_Login/input_WATSONS COMMAND CENTER_username"), "john.colis+2@tesi.com.ph"): Text 'john.colis+2@tesi.com.ph' is set on object 'Object Repository/Page_Login/input_WATSONS COMMAND CENTER_username'

2023-12-19 10:11:47 - [MESSAGE][PASSED] - Text 'john.colis+2@tesi.com.ph' is set on object 'Object Repository/Page_Login/input_WATSONS COMMAND CENTER_username'

2023-12-19 10:11:47 - [TEST_STEP][PASSED] - setEncryptedText(findTestObject("Object Repository/Page_Login/input_WATSONS COMMAND CENTER_password"), "P5k+p8A8pUQrhblKSHBMTToIR+E8gbN/"): Text ****** has been set on object 'Object Repository/Page_Login/input_WATSONS COMMAND CENTER_password'

2023-12-19 10:11:47 - [MESSAGE][PASSED] - Text ****** has been set on object 'Object Repository/Page_Login/input_WATSONS COMMAND CENTER_password'

2023-12-19 10:11:47 - [TEST_STEP][PASSED] - click(findTestObject("Object Repository/Page_Login/btn_WATSONS COMMAND CENTER_login")): Object: 'Object Repository/Page_Login/btn_WATSONS COMMAND CENTER_login' is clicked on

2023-12-19 10:11:48 - [MESSAGE][PASSED] - Object: 'Object Repository/Page_Login/btn_WATSONS COMMAND CENTER_login' is clicked on

2023-12-19 10:11:48 - [TEST_STEP][PASSED] - verifyElementText(findTestObject("Object Repository/Page_Application List/titlePage_WATSONS COMMAND CENTER"), "WATSONS COMMAND CENTER"): Actual text and expected text of test object 'Object Repository/Page_Application List/titlePage_WATSONS COMMAND CENTER' are matched.

2023-12-19 10:11:50 - [MESSAGE][PASSED] - Actual text and expected text of test object 'Object Repository/Page_Application List/titlePage_WATSONS COMMAND CENTER' are matched.

2023-12-19 10:11:50 - [TEST_STEP][PASSED] - verifyElementText(findTestObject("Object Repository/Page_Application List/titleHeader_Select Application to access"), "Select Application to access"): Actual text and expected text of test object 'Object Repository/Page_Application List/titleHeader_Select Application to access' are matched.

2023-12-19 10:11:50 - [MESSAGE][PASSED] - Actual text and expected text of test object 'Object Repository/Page_Application List/titleHeader_Select Application to access' are matched.

2023-12-19 10:11:50 - [TEST_STEP][PASSED] - verifyElementPresent(findTestObject("Object Repository/Page_Application List/container_Non-Trade Vendor Portal"), 0): Object 'Object Repository/Page_Application List/container_Non-Trade Vendor Portal' is present

2023-12-19 10:11:50 - [MESSAGE][WARNING] - Timeout '0' is invalid. Using default page load timeout: '30'

2023-12-19 10:11:50 - [MESSAGE][PASSED] - Object 'Object Repository/Page_Application List/container_Non-Trade Vendor Portal' is present

2023-12-19 10:11:50 - [TEST_STEP][PASSED] - verifyElementText(findTestObject("Object Repository/Page_Application List/containerLabel_Non-Trade Vendor Portal"), "Non-Trade Vendor Portal"): Actual text and expected text of test object 'Object Repository/Page_Application List/containerLabel_Non-Trade Vendor Portal' are matched.

2023-12-19 10:11:51 - [MESSAGE][PASSED] - Actual text and expected text of test object 'Object Repository/Page_Application List/containerLabel_Non-Trade Vendor Portal' are matched.

2023-12-19 10:11:51 - [TEST_STEP][PASSED] - click(findTestObject("Object Repository/Page_Application List/containerLabel_Non-Trade Vendor Portal")): Object: 'Object Repository/Page_Application List/containerLabel_Non-Trade Vendor Portal' is clicked on

2023-12-19 10:11:52 - [MESSAGE][PASSED] - Object: 'Object Repository/Page_Application List/containerLabel_Non-Trade Vendor Portal' is clicked on

2023-12-19 10:11:52 - [TEST_STEP][PASSED] - verifyElementText(findTestObject("Object Repository/Page_Invalid Permissions/InvalidPage_Invalid Permissions"), "Invalid Permissions"): Actual text and expected text of test object 'Object Repository/Page_Invalid Permissions/InvalidPage_Invalid Permissions' are matched.

2023-12-19 10:11:52 - [MESSAGE][PASSED] - Actual text and expected text of test object 'Object Repository/Page_Invalid Permissions/InvalidPage_Invalid Permissions' are matched.

2023-12-19 10:11:52 - [TEST_STEP][PASSED] - verifyElementText(findTestObject("Object Repository/Page_Invalid Permissions/invalidDesc_You dont have permissions to view the r_886a38"), "You don't have permissions to view the required screen. Please contact the system administrator."): Actual text and expected text of test object 'Object Repository/Page_Invalid Permissions/invalidDesc_You dont have permissions to view the r_886a38' are matched.

2023-12-19 10:11:52 - [MESSAGE][PASSED] - Actual text and expected text of test object 'Object Repository/Page_Invalid Permissions/invalidDesc_You dont have permissions to view the r_886a38' are matched.

2023-12-19 10:11:52 - [TEST_STEP][PASSED] - closeBrowser(): Browser is closed

2023-12-19 10:11:53 - [MESSAGE][PASSED] - Browser is closed]]></system-out>
         <system-err><![CDATA[]]></system-err>
      </testcase>
      <system-out><![CDATA[2023-12-19 10:11:02 - [TEST_SUITE][PASSED] - CommandCenter_Login: Test Cases/Sprint 1/CommandCenter_LoginTC/TC004_LoginInactiveAccount]]></system-out>
      <system-err><![CDATA[]]></system-err>
   </testsuite>
</testsuites>
